<?xml version="1.0" encoding="UTF-8"?>
<!-- Generated by org.testng.reporters.JUnitXMLReporter -->
<testsuite hostname="mds-MacBook-Pro.local" ignored="0" name="Nopackage" tests="1" failures="1" timestamp="23 Apr 2018 19:06:31 GMT" time="7.552" errors="0">
  <testcase name="feature" time="6.795" classname="cucumber.api.testng.AbstractTestNGCucumberTests">
    <failure type="cucumber.runtime.CucumberException" message="java.lang.NullPointerException">
      <![CDATA[cucumber.runtime.CucumberException: java.lang.NullPointerExceptionat cucumber.api.testng.TestNGCucumberRunner.runCucumber(TestNGCucumberRunner.java:69)at cucumber.api.testng.AbstractTestNGCucumberTests.feature(AbstractTestNGCucumberTests.java:21)Caused by: java.lang.NullPointerExceptionat org.openqa.selenium.support.pagefactory.DefaultElementLocator.findElement(DefaultElementLocator.java:69)at org.openqa.selenium.support.pagefactory.internal.LocatingElementHandler.invoke(LocatingElementHandler.java:38)at com.sun.proxy.$Proxy19.sendKeys(Unknown Source)at stepDef.StepForLogin.admin_Enter_valid_userName_and_password(StepForLogin.java:48)at ✽.When Admin Enter valid userName and password(/Users/mdrubel/git/HRMProject/Features/orgLoginpage.feature:12)... Removed 25 stack frames]]>
    </failure>
  </testcase> <!-- feature -->
</testsuite> <!-- Nopackage -->
