<?xml version="1.0" encoding="UTF-8"?>
<testng-results skipped="0" failed="0" ignored="0" total="1" passed="1">
  <reporter-output>
  </reporter-output>
  <suite name="Default suite" duration-ms="12826" started-at="2018-04-23T19:47:56Z" finished-at="2018-04-23T19:48:09Z">
    <groups>
      <group name="cucumber">
        <method signature="AbstractTestNGCucumberTests.feature(cucumber.api.testng.CucumberFeatureWrapper)[pri:0, instance:com.testngrunner.TestRunner@7d9d1a19]" name="feature" class="cucumber.api.testng.AbstractTestNGCucumberTests"/>
      </group> <!-- cucumber -->
    </groups>
    <test name="Default test" duration-ms="12826" started-at="2018-04-23T19:47:56Z" finished-at="2018-04-23T19:48:09Z">
      <class name="com.testngrunner.TestRunner">
        <test-method status="PASS" signature="setUpClass()[pri:0, instance:com.testngrunner.TestRunner@7d9d1a19]" name="setUpClass" is-config="true" duration-ms="514" started-at="2018-04-23T15:47:56Z" finished-at="2018-04-23T15:47:57Z">
          <reporter-output>
          </reporter-output>
        </test-method> <!-- setUpClass -->
        <test-method status="PASS" signature="feature(cucumber.api.testng.CucumberFeatureWrapper)[pri:0, instance:com.testngrunner.TestRunner@7d9d1a19]" name="feature" duration-ms="12157" started-at="2018-04-23T15:47:57Z" description="Runs Cucumber Feature" data-provider="features" finished-at="2018-04-23T15:48:09Z">
          <params>
            <param index="0">
              <value>
                <![CDATA[Admin Login to HRM home page]]>
              </value>
            </param>
          </params>
          <reporter-output>
          </reporter-output>
        </test-method> <!-- feature -->
        <test-method status="PASS" signature="tearDownClass()[pri:0, instance:com.testngrunner.TestRunner@7d9d1a19]" name="tearDownClass" is-config="true" duration-ms="25" started-at="2018-04-23T15:48:09Z" finished-at="2018-04-23T15:48:09Z">
          <reporter-output>
          </reporter-output>
        </test-method> <!-- tearDownClass -->
      </class> <!-- com.testngrunner.TestRunner -->
    </test> <!-- Default test -->
  </suite> <!-- Default suite -->
</testng-results>
